#
# A fatal error has been detected by the Java Runtime Environment:
#
#  SIGSEGV (0xb) at pc=0x00007fff986168e2, pid=1284, tid=2571
#
# JRE version: Java(TM) SE Runtime Environment (10.0.1+10) (build 10.0.1+10)
# Java VM: Java HotSpot(TM) 64-Bit Server VM (10.0.1+10, mixed mode, tiered, compressed oops, g1 gc, bsd-amd64)
# Problematic frame:
# C  [libGPUSupportMercury.dylib+0xa8e2]  gldAttachDrawable+0x60
#
# No core dump will be written. Core dumps have been disabled. To enable core dumping, try "ulimit -c unlimited" before starting Java again
#
# If you would like to submit a bug report, please visit:
#   http://bugreport.java.com/bugreport/crash.jsp
# The crash happened outside the Java Virtual Machine in native code.
# See problematic frame for where to report the bug.
#

---------------  S U M M A R Y ------------

Command Line: -Dfile.encoding=UTF-8 com.pruebajuegoanthony.desktop.DesktopLauncher

Host: MacBookPro12,1 x86_64 2700 MHz, 4 cores, 8G, Darwin 15.6.0
Time: Thu Jul 19 20:12:32 2018 PET elapsed time: 3 seconds (0d 0h 0m 3s)

---------------  T H R E A D  ---------------

Current thread (0x00007f8bf4116000):  JavaThread "AppKit Thread" daemon [_thread_in_native, id=2571, stack(0x00007fff53ad2000,0x00007fff542d2000)]

Stack: [0x00007fff53ad2000,0x00007fff542d2000],  sp=0x00007fff542ccac0,  free space=8170k
Native frames: (J=compiled Java code, A=aot compiled Java code, j=interpreted, Vv=VM code, C=native code)
C  [libGPUSupportMercury.dylib+0xa8e2]  gldAttachDrawable+0x60
C  [GLEngine+0x16553]  gliAttachDrawableWithOptions+0x108
C  [OpenGL+0x384c]  glcGetIOAccelService+0xe35
C  [OpenGL+0x7378]  CGLSetPBuffer+0xb38
C  [OpenGL+0x769d]  CGLSetSurface+0x124
C  [AppKit+0x358ea8]  NSOpenGLContextAttachOnScreenViewSurface+0x109
C  [AppKit+0x6856c7]  __27-[NSOpenGLContext setView:]_block_invoke+0xc0
C  [AppKit+0x183325]  NSPerformVisuallyAtomicChange+0x93
C  [AppKit+0x345c0d]  -[NSOpenGLContext setView:]+0x77
C  [liblwjgl.dylib+0xa586]  -[MacOSXOpenGLView lockFocus]+0x76
C  [AppKit+0x1a8797]  -[NSView _recursiveDisplayRectIfNeededIgnoringOpacity:isVisibleRect:rectIsVisibleRectForView:topView:]+0x6e2
C  [AppKit+0x1a9785]  -[NSView _recursiveDisplayRectIfNeededIgnoringOpacity:isVisibleRect:rectIsVisibleRectForView:topView:]+0x16d0
C  [AppKit+0x1a7be0]  -[NSThemeFrame _recursiveDisplayRectIfNeededIgnoringOpacity:isVisibleRect:rectIsVisibleRectForView:topView:]+0x14e
C  [AppKit+0x1a5feb]  -[NSView _displayRectIgnoringOpacity:isVisibleRect:rectIsVisibleRectForView:]+0x991
C  [AppKit+0x1a13f5]  -[NSView displayIfNeeded]+0x79e
C  [AppKit+0x1a0c3c]  -[NSWindow displayIfNeeded]+0xe8
C  [AppKit+0x82541b]  ___NSWindowGetDisplayCycleObserver_block_invoke6365+0x1dc
C  [AppKit+0x1a05d6]  __37+[NSDisplayCycle currentDisplayCycle]_block_invoke+0x3ad
C  [QuartzCore+0x10f69]  CA::Transaction::run_commit_handlers(CATransactionPhase)+0x55
C  [QuartzCore+0x10424]  CA::Context::commit_transaction(CA::Transaction*)+0xa0
C  [QuartzCore+0x100e4]  CA::Transaction::commit()+0x1fc
C  [QuartzCore+0x1b973]  CA::Transaction::observer_callback(__CFRunLoopObserver*, unsigned long, void*)+0x47
C  [CoreFoundation+0xa9fc7]  __CFRUNLOOP_IS_CALLING_OUT_TO_AN_OBSERVER_CALLBACK_FUNCTION__+0x17
C  [CoreFoundation+0xa9f37]  __CFRunLoopDoObservers+0x187
C  [CoreFoundation+0x88e48]  CFRunLoopRunSpecific+0x148
C  [HIToolbox+0x30935]  RunCurrentEventLoopInMode+0xeb
C  [HIToolbox+0x30677]  ReceiveNextEventCommon+0xb8
C  [HIToolbox+0x305af]  _BlockUntilNextEventMatchingListInModeWithFilter+0x47
C  [AppKit+0x48df6]  _DPSNextEvent+0x42b
C  [AppKit+0x48226]  -[NSApplication _nextEventMatchingEventMask:untilDate:inMode:dequeue:]+0x1c6
C  [libosxapp.dylib+0x2dbf]  -[NSApplicationAWT nextEventMatchingMask:untilDate:inMode:dequeue:]+0x7a
C  [AppKit+0x3cd80]  -[NSApplication run]+0x2aa
C  [libosxapp.dylib+0x2bbc]  +[NSApplicationAWT runAWTLoopWithApp:]+0x9d
C  [libawt_lwawt.dylib+0x3a344]  +[AWTStarter starter:headless:]+0x342
C  [JavaNativeFoundation+0x6d60]  +[JNFRunLoop _performCopiedBlock:]+0x11
C  [Foundation+0x76dbe]  __NSThreadPerformPerform+0x117
C  [CoreFoundation+0xaa7e1]  __CFRUNLOOP_IS_CALLING_OUT_TO_A_SOURCE0_PERFORM_FUNCTION__+0x11
C  [CoreFoundation+0x89f0c]  __CFRunLoopDoSources0+0x22c
C  [CoreFoundation+0x8942f]  __CFRunLoopRun+0x39f
C  [CoreFoundation+0x88e28]  CFRunLoopRunSpecific+0x128
C  [java+0x6bc3]  CreateExecutionEnvironment+0x191
C  [java+0x2ebc]  JLI_Launch+0x620
C  [java+0x1d4c]  main+0x180
C  [java+0x1bc4]  start+0x34
C  0x0000000000000005


siginfo: si_signo: 11 (SIGSEGV), si_code: 0 (unknown), si_addr: 0x0000000000000000

Register to memory mapping:

RAX=0xd000000000000000 is an unknown value
RBX=0x000000000000271e is an unknown value
RCX=0x0000000000000000 is an unknown value
RDX=0x00007f8bf2dc69a8 is an unknown value
RSP=0x00007fff542ccac0 is pointing into the stack for thread: 0x00007f8bf4116000
RBP=0x00007fff542ccbc0 is pointing into the stack for thread: 0x00007f8bf4116000
RSI=0x0000000000000050 is an unknown value
RDI=0x6300af324f0cadc7 is an unknown value
R8 =0x00007f8bf6009e60 is an unknown value
R9 =0x00007f8bf5800000 is an unknown value
R10=0x000000000000003c is an unknown value
R11=0x0000000000000206 is an unknown value
R12=0x0000000000002718 is an unknown value
R13=0x00007f8bf3333e00 is an unknown value
R14=0x0000000000000050 is an unknown value
R15=0x0000000000000000 is an unknown value


Registers:
RAX=0xd000000000000000, RBX=0x000000000000271e, RCX=0x0000000000000000, RDX=0x00007f8bf2dc69a8
RSP=0x00007fff542ccac0, RBP=0x00007fff542ccbc0, RSI=0x0000000000000050, RDI=0x6300af324f0cadc7
R8 =0x00007f8bf6009e60, R9 =0x00007f8bf5800000, R10=0x000000000000003c, R11=0x0000000000000206
R12=0x0000000000002718, R13=0x00007f8bf3333e00, R14=0x0000000000000050, R15=0x0000000000000000
RIP=0x00007fff986168e2, EFLAGS=0x0000000000010212, ERR=0x0000000000000000
  TRAPNO=0x000000000000000d

Top of Stack: (sp=0x00007fff542ccac0)
0x00007fff542ccac0:   000000000001a1e7 0000000000000551
0x00007fff542ccad0:   00007fff542ccb10 00007fff99335f36
0x00007fff542ccae0:   0000000000000000 4036000000000000
0x00007fff542ccaf0:   407cc00000000000 d000000000000000
0x00007fff542ccb00:   1a04a2bb0001a1e7 000000001a04a2bb
0x00007fff542ccb10:   00007fff542ccc00 00007fff99345229
0x00007fff542ccb20:   0000000000000000 4036000000000000
0x00007fff542ccb30:   407cc00000000000 4085e00000000000
0x00007fff542ccb40:   7ff0000000000000 7ff0000000000000
0x00007fff542ccb50:   0000000000000000 0000000000000000
0x00007fff542ccb60:   0000000000000551 00007f8bf2e7eb90
0x00007fff542ccb70:   7ff0000000000000 7ff0000000000000
0x00007fff542ccb80:   00007fff542ccbb0 00007fff992a33da
0x00007fff542ccb90:   6300af324f0cadc7 00007f8bf6000000
0x00007fff542ccba0:   0000000000002718 0000000000000000
0x00007fff542ccbb0:   0000000000000050 0000000000000000
0x00007fff542ccbc0:   00007fff542ccc20 00007fff8b98b553
0x00007fff542ccbd0:   4094000000000000 0000000000000000
0x00007fff542ccbe0:   00007f8bf6009e60 000000000001a1e7
0x00007fff542ccbf0:   00007f8bf2dc69a8 00007f8bf2c854f0
0x00007fff542ccc00:   0000000000000000 00007f8bf3b25950
0x00007fff542ccc10:   00007f8bf3b23a00 6300af324f0cadc7
0x00007fff542ccc20:   00007fff542ccd10 00007fff8b3e184c
0x00007fff542ccc30:   4089000000000000 4079a00000000000
0x00007fff542ccc40:   403c000000000000 407cc00000000000
0x00007fff542ccc50:   4086900000000000 0000000000000000
0x00007fff542ccc60:   4036000000000000 407cc00000000000
0x00007fff542ccc70:   4085e00000000000 0000000000000000
0x00007fff542ccc80:   0000000000000000 0000000000000001
0x00007fff542ccc90:   00007f8bf2dc69a8 0000000000000001
0x00007fff542ccca0:   00007fff542ccd10 00007fff8b3e65e2
0x00007fff542cccb0:   0000000000000003 0000000100000001 

Instructions: (pc=0x00007fff986168e2)
0x00007fff986168c2:   48 85 d2 b8 01 00 00 00 bb 15 27 00 00 0f 44 d8
0x00007fff986168d2:   e9 29 03 00 00 49 8b 45 08 48 89 85 38 ff ff ff
0x00007fff986168e2:   48 8b 00 48 89 85 30 ff ff ff 83 fe 4f 0f 8f 03
0x00007fff986168f2:   01 00 00 48 89 d0 bb 15 27 00 00 83 fe 35 0f 84 


---------------  P R O C E S S  ---------------

Threads class SMR info:
_java_thread_list=0x00007f8bf2d82220, length=13, elements={
0x00007f8bf4808800, 0x00007f8bf480e800, 0x00007f8bf480f000, 0x00007f8bf4810000,
0x00007f8bf4811000, 0x00007f8bf4812000, 0x00007f8bf4013000, 0x00007f8bf402b000,
0x00007f8bf409a800, 0x00007f8bf4116000, 0x00007f8bf331b800, 0x00007f8bf48f7800,
0x00007f8bf3ac9800
}

Java Threads: ( => current thread )
  0x00007f8bf4808800 JavaThread "Reference Handler" daemon [_thread_blocked, id=17923, stack(0x0000700000d3e000,0x0000700000e3e000)]
  0x00007f8bf480e800 JavaThread "Finalizer" daemon [_thread_blocked, id=18691, stack(0x0000700000e41000,0x0000700000f41000)]
  0x00007f8bf480f000 JavaThread "Signal Dispatcher" daemon [_thread_blocked, id=23299, stack(0x000070000104a000,0x000070000114a000)]
  0x00007f8bf4810000 JavaThread "C2 CompilerThread0" daemon [_thread_blocked, id=24067, stack(0x000070000114d000,0x000070000124d000)]
  0x00007f8bf4811000 JavaThread "C2 CompilerThread1" daemon [_thread_blocked, id=24835, stack(0x0000700001250000,0x0000700001350000)]
  0x00007f8bf4812000 JavaThread "C1 CompilerThread2" daemon [_thread_blocked, id=25603, stack(0x0000700001353000,0x0000700001453000)]
  0x00007f8bf4013000 JavaThread "Sweeper thread" daemon [_thread_blocked, id=26371, stack(0x0000700001456000,0x0000700001556000)]
  0x00007f8bf402b000 JavaThread "Service Thread" daemon [_thread_blocked, id=27139, stack(0x0000700001559000,0x0000700001659000)]
  0x00007f8bf409a800 JavaThread "Common-Cleaner" daemon [_thread_blocked, id=27907, stack(0x000070000165c000,0x000070000175c000)]
=>0x00007f8bf4116000 JavaThread "AppKit Thread" daemon [_thread_in_native, id=2571, stack(0x00007fff53ad2000,0x00007fff542d2000)]
  0x00007f8bf331b800 JavaThread "AWT-Shutdown" [_thread_blocked, id=40207, stack(0x0000700001968000,0x0000700001a68000)]
  0x00007f8bf48f7800 JavaThread "LWJGL Application" [_thread_in_native, id=74755, stack(0x0000700001bf4000,0x0000700001cf4000)]
  0x00007f8bf3ac9800 JavaThread "DestroyJavaVM" [_thread_blocked, id=6659, stack(0x000000010d1a0000,0x000000010d2a0000)]

Other Threads:
  0x00007f8bf4809800 VMThread "VM Thread" [stack: 0x0000700000c3b000,0x0000700000d3b000] [id=17155]
  0x00007f8bf481c800 WatcherThread [stack: 0x000070000175f000,0x000070000185f000] [id=28419]
  0x00007f8bf3813800 GCTaskThread "GC Thread#0" [stack: 0x000070000011a000,0x000070000021a000] [id=11011]
  0x00007f8bf3814000 GCTaskThread "GC Thread#1" [stack: 0x000070000021d000,0x000070000031d000] [id=11523]
  0x00007f8bf3815000 GCTaskThread "GC Thread#2" [stack: 0x0000700000320000,0x0000700000420000] [id=12035]
  0x00007f8bf3815800 GCTaskThread "GC Thread#3" [stack: 0x0000700000423000,0x0000700000523000] [id=12547]
  0x00007f8bf301e000 ConcurrentGCThread "G1 Main Marker" [stack: 0x0000700000526000,0x0000700000626000] [id=13059]
  0x00007f8bf301e800 ConcurrentGCThread "G1 Conc#0" [stack: 0x0000700000629000,0x0000700000729000] [id=14083]
  0x00007f8bf305f800 ConcurrentGCThread "G1 Refine#0" [stack: 0x000070000072c000,0x000070000082c000] [id=14595]
  0x00007f8bf3060000 ConcurrentGCThread "G1 Refine#1" [stack: 0x000070000082f000,0x000070000092f000] [id=15107]
  0x00007f8bf3061000 ConcurrentGCThread "G1 Refine#2" [stack: 0x0000700000932000,0x0000700000a32000] [id=15619]
  0x00007f8bf3061800 ConcurrentGCThread "G1 Refine#3" [stack: 0x0000700000a35000,0x0000700000b35000] [id=16131]
  0x00007f8bf3062800 ConcurrentGCThread "G1 Young RemSet Sampling" [stack: 0x0000700000b38000,0x0000700000c38000] [id=16643]

Threads with active compile tasks:

VM state:not at safepoint (normal execution)

VM Mutex/Monitor currently owned by a thread: None

Heap address: 0x0000000740000000, size: 2048 MB, Compressed Oops mode: Zero based, Oop shift amount: 3
Narrow klass base: 0x0000000000000000, Narrow klass shift: 3
Compressed class space size: 1073741824 Address: 0x00000007c0000000

Heap:
 garbage-first heap   total 131072K, used 3387K [0x0000000740000000, 0x00000007c0000000)
  region size 1024K, 4 young (4096K), 2 survivors (2048K)
 Metaspace       used 12086K, capacity 12316K, committed 12416K, reserved 1060864K
  class space    used 1018K, capacity 1102K, committed 1152K, reserved 1048576K
Heap Regions: E=young(eden), S=young(survivor), O=old, HS=humongous(starts), HC=humongous(continues), CS=collection set, F=free, A=archive, TS=gc time stamp, AC=allocation context, TAMS=top-at-mark-start (previous, next)
|   0|0x0000000740000000, 0x000000074004ec00, 0x0000000740100000| 30%| O|  |TS  1|AC  0|TAMS 0x0000000740000000, 0x0000000740000000|
|   1|0x0000000740100000, 0x0000000740100000, 0x0000000740200000|  0%| F|  |TS  0|AC  0|TAMS 0x0000000740100000, 0x0000000740100000|
|   2|0x0000000740200000, 0x0000000740200000, 0x0000000740300000|  0%| F|  |TS  0|AC  0|TAMS 0x0000000740200000, 0x0000000740200000|
|   3|0x0000000740300000, 0x0000000740300000, 0x0000000740400000|  0%| F|  |TS  0|AC  0|TAMS 0x0000000740300000, 0x0000000740300000|
|   4|0x0000000740400000, 0x0000000740400000, 0x0000000740500000|  0%| F|  |TS  0|AC  0|TAMS 0x0000000740400000, 0x0000000740400000|
|   5|0x0000000740500000, 0x0000000740500000, 0x0000000740600000|  0%| F|  |TS  0|AC  0|TAMS 0x0000000740500000, 0x0000000740500000|
|   6|0x0000000740600000, 0x0000000740600000, 0x0000000740700000|  0%| F|  |TS  0|AC  0|TAMS 0x0000000740600000, 0x0000000740600000|
|   7|0x0000000740700000, 0x0000000740700000, 0x0000000740800000|  0%| F|  |TS  0|AC  0|TAMS 0x0000000740700000, 0x0000000740700000|
|   8|0x0000000740800000, 0x0000000740800000, 0x0000000740900000|  0%| F|  |TS  0|AC  0|TAMS 0x0000000740800000, 0x0000000740800000|
|   9|0x0000000740900000, 0x0000000740900000, 0x0000000740a00000|  0%| F|  |TS  0|AC  0|TAMS 0x0000000740900000, 0x0000000740900000|
|  10|0x0000000740a00000, 0x0000000740a00000, 0x0000000740b00000|  0%| F|  |TS  0|AC  0|TAMS 0x0000000740a00000, 0x0000000740a00000|
|  11|0x0000000740b00000, 0x0000000740b00000, 0x0000000740c00000|  0%| F|  |TS  0|AC  0|TAMS 0x0000000740b00000, 0x0000000740b00000|
|  12|0x0000000740c00000, 0x0000000740c00000, 0x0000000740d00000|  0%| F|  |TS  0|AC  0|TAMS 0x0000000740c00000, 0x0000000740c00000|
|  13|0x0000000740d00000, 0x0000000740d00000, 0x0000000740e00000|  0%| F|  |TS  0|AC  0|TAMS 0x0000000740d00000, 0x0000000740d00000|
|  14|0x0000000740e00000, 0x0000000740e00000, 0x0000000740f00000|  0%| F|  |TS  0|AC  0|TAMS 0x0000000740e00000, 0x0000000740e00000|
|  15|0x0000000740f00000, 0x0000000740f00000, 0x0000000741000000|  0%| F|  |TS  0|AC  0|TAMS 0x0000000740f00000, 0x0000000740f00000|
|  16|0x0000000741000000, 0x0000000741000000, 0x0000000741100000|  0%| F|  |TS  0|AC  0|TAMS 0x0000000741000000, 0x0000000741000000|
|  17|0x0000000741100000, 0x0000000741100000, 0x0000000741200000|  0%| F|  |TS  0|AC  0|TAMS 0x0000000741100000, 0x0000000741100000|
|  18|0x0000000741200000, 0x0000000741200000, 0x0000000741300000|  0%| F|  |TS  0|AC  0|TAMS 0x0000000741200000, 0x0000000741200000|
|  19|0x0000000741300000, 0x0000000741300000, 0x0000000741400000|  0%| F|  |TS  0|AC  0|TAMS 0x0000000741300000, 0x0000000741300000|
|  20|0x0000000741400000, 0x0000000741400000, 0x0000000741500000|  0%| F|  |TS  0|AC  0|TAMS 0x0000000741400000, 0x0000000741400000|
|  21|0x0000000741500000, 0x0000000741500000, 0x0000000741600000|  0%| F|  |TS  0|AC  0|TAMS 0x0000000741500000, 0x0000000741500000|
|  22|0x0000000741600000, 0x0000000741600000, 0x0000000741700000|  0%| F|  |TS  0|AC  0|TAMS 0x0000000741600000, 0x0000000741600000|
|  23|0x0000000741700000, 0x0000000741700000, 0x0000000741800000|  0%| F|  |TS  0|AC  0|TAMS 0x0000000741700000, 0x0000000741700000|
|  24|0x0000000741800000, 0x0000000741800000, 0x0000000741900000|  0%| F|  |TS  0|AC  0|TAMS 0x0000000741800000, 0x0000000741800000|
|  25|0x0000000741900000, 0x0000000741900000, 0x0000000741a00000|  0%| F|  |TS  0|AC  0|TAMS 0x0000000741900000, 0x0000000741900000|
|  26|0x0000000741a00000, 0x0000000741a00000, 0x0000000741b00000|  0%| F|  |TS  0|AC  0|TAMS 0x0000000741a00000, 0x0000000741a00000|
|  27|0x0000000741b00000, 0x0000000741b00000, 0x0000000741c00000|  0%| F|  |TS  0|AC  0|TAMS 0x0000000741b00000, 0x0000000741b00000|
|  28|0x0000000741c00000, 0x0000000741c00000, 0x0000000741d00000|  0%| F|  |TS  0|AC  0|TAMS 0x0000000741c00000, 0x0000000741c00000|
|  29|0x0000000741d00000, 0x0000000741d00000, 0x0000000741e00000|  0%| F|  |TS  0|AC  0|TAMS 0x0000000741d00000, 0x0000000741d00000|
|  30|0x0000000741e00000, 0x0000000741e00000, 0x0000000741f00000|  0%| F|  |TS  0|AC  0|TAMS 0x0000000741e00000, 0x0000000741e00000|
|  31|0x0000000741f00000, 0x0000000741f00000, 0x0000000742000000|  0%| F|  |TS  0|AC  0|TAMS 0x0000000741f00000, 0x0000000741f00000|
|  32|0x0000000742000000, 0x0000000742000000, 0x0000000742100000|  0%| F|  |TS  0|AC  0|TAMS 0x0000000742000000, 0x0000000742000000|
|  33|0x0000000742100000, 0x0000000742100000, 0x0000000742200000|  0%| F|  |TS  0|AC  0|TAMS 0x0000000742100000, 0x0000000742100000|
|  34|0x0000000742200000, 0x0000000742200000, 0x0000000742300000|  0%| F|  |TS  0|AC  0|TAMS 0x0000000742200000, 0x0000000742200000|
|  35|0x0000000742300000, 0x0000000742300000, 0x0000000742400000|  0%| F|  |TS  0|AC  0|TAMS 0x0000000742300000, 0x0000000742300000|
|  36|0x0000000742400000, 0x0000000742400000, 0x0000000742500000|  0%| F|  |TS  0|AC  0|TAMS 0x0000000742400000, 0x0000000742400000|
|  37|0x0000000742500000, 0x0000000742500000, 0x0000000742600000|  0%| F|  |TS  0|AC  0|TAMS 0x0000000742500000, 0x0000000742500000|
|  38|0x0000000742600000, 0x0000000742600000, 0x0000000742700000|  0%| F|  |TS  0|AC  0|TAMS 0x0000000742600000, 0x0000000742600000|
|  39|0x0000000742700000, 0x0000000742700000, 0x0000000742800000|  0%| F|  |TS  0|AC  0|TAMS 0x0000000742700000, 0x0000000742700000|
|  40|0x0000000742800000, 0x0000000742800000, 0x0000000742900000|  0%| F|  |TS  0|AC  0|TAMS 0x0000000742800000, 0x0000000742800000|
|  41|0x0000000742900000, 0x0000000742900000, 0x0000000742a00000|  0%| F|  |TS  0|AC  0|TAMS 0x0000000742900000, 0x0000000742900000|
|  42|0x0000000742a00000, 0x0000000742a00000, 0x0000000742b00000|  0%| F|  |TS  0|AC  0|TAMS 0x0000000742a00000, 0x0000000742a00000|
|  43|0x0000000742b00000, 0x0000000742b00000, 0x0000000742c00000|  0%| F|  |TS  0|AC  0|TAMS 0x0000000742b00000, 0x0000000742b00000|
|  44|0x0000000742c00000, 0x0000000742c00000, 0x0000000742d00000|  0%| F|  |TS  0|AC  0|TAMS 0x0000000742c00000, 0x0000000742c00000|
|  45|0x0000000742d00000, 0x0000000742d00000, 0x0000000742e00000|  0%| F|  |TS  0|AC  0|TAMS 0x0000000742d00000, 0x0000000742d00000|
|  46|0x0000000742e00000, 0x0000000742e00000, 0x0000000742f00000|  0%| F|  |TS  0|AC  0|TAMS 0x0000000742e00000, 0x0000000742e00000|
|  47|0x0000000742f00000, 0x0000000742f00000, 0x0000000743000000|  0%| F|  |TS  0|AC  0|TAMS 0x0000000742f00000, 0x0000000742f00000|
|  48|0x0000000743000000, 0x0000000743000000, 0x0000000743100000|  0%| F|  |TS  0|AC  0|TAMS 0x0000000743000000, 0x0000000743000000|
|  49|0x0000000743100000, 0x0000000743100000, 0x0000000743200000|  0%| F|  |TS  0|AC  0|TAMS 0x0000000743100000, 0x0000000743100000|
|  50|0x0000000743200000, 0x0000000743200000, 0x0000000743300000|  0%| F|  |TS  0|AC  0|TAMS 0x0000000743200000, 0x0000000743200000|
|  51|0x0000000743300000, 0x0000000743300000, 0x0000000743400000|  0%| F|  |TS  0|AC  0|TAMS 0x0000000743300000, 0x0000000743300000|
|  52|0x0000000743400000, 0x0000000743400000, 0x0000000743500000|  0%| F|  |TS  0|AC  0|TAMS 0x0000000743400000, 0x0000000743400000|
|  53|0x0000000743500000, 0x0000000743500000, 0x0000000743600000|  0%| F|  |TS  0|AC  0|TAMS 0x0000000743500000, 0x0000000743500000|
|  54|0x0000000743600000, 0x0000000743600000, 0x0000000743700000|  0%| F|  |TS  0|AC  0|TAMS 0x0000000743600000, 0x0000000743600000|
|  55|0x0000000743700000, 0x0000000743700000, 0x0000000743800000|  0%| F|  |TS  0|AC  0|TAMS 0x0000000743700000, 0x0000000743700000|
|  56|0x0000000743800000, 0x0000000743800000, 0x0000000743900000|  0%| F|  |TS  0|AC  0|TAMS 0x0000000743800000, 0x0000000743800000|
|  57|0x0000000743900000, 0x0000000743900000, 0x0000000743a00000|  0%| F|  |TS  0|AC  0|TAMS 0x0000000743900000, 0x0000000743900000|
|  58|0x0000000743a00000, 0x0000000743a00000, 0x0000000743b00000|  0%| F|  |TS  0|AC  0|TAMS 0x0000000743a00000, 0x0000000743a00000|
|  59|0x0000000743b00000, 0x0000000743b00000, 0x0000000743c00000|  0%| F|  |TS  0|AC  0|TAMS 0x0000000743b00000, 0x0000000743b00000|
|  60|0x0000000743c00000, 0x0000000743c00000, 0x0000000743d00000|  0%| F|  |TS  0|AC  0|TAMS 0x0000000743c00000, 0x0000000743c00000|
|  61|0x0000000743d00000, 0x0000000743d00000, 0x0000000743e00000|  0%| F|  |TS  0|AC  0|TAMS 0x0000000743d00000, 0x0000000743d00000|
|  62|0x0000000743e00000, 0x0000000743e00000, 0x0000000743f00000|  0%| F|  |TS  0|AC  0|TAMS 0x0000000743e00000, 0x0000000743e00000|
|  63|0x0000000743f00000, 0x0000000743f00000, 0x0000000744000000|  0%| F|  |TS  0|AC  0|TAMS 0x0000000743f00000, 0x0000000743f00000|
|  64|0x0000000744000000, 0x0000000744000000, 0x0000000744100000|  0%| F|  |TS  0|AC  0|TAMS 0x0000000744000000, 0x0000000744000000|
|  65|0x0000000744100000, 0x0000000744100000, 0x0000000744200000|  0%| F|  |TS  0|AC  0|TAMS 0x0000000744100000, 0x0000000744100000|
|  66|0x0000000744200000, 0x0000000744200000, 0x0000000744300000|  0%| F|  |TS  0|AC  0|TAMS 0x0000000744200000, 0x0000000744200000|
|  67|0x0000000744300000, 0x0000000744300000, 0x0000000744400000|  0%| F|  |TS  0|AC  0|TAMS 0x0000000744300000, 0x0000000744300000|
|  68|0x0000000744400000, 0x0000000744400000, 0x0000000744500000|  0%| F|  |TS  0|AC  0|TAMS 0x0000000744400000, 0x0000000744400000|
|  69|0x0000000744500000, 0x0000000744500000, 0x0000000744600000|  0%| F|  |TS  0|AC  0|TAMS 0x0000000744500000, 0x0000000744500000|
|  70|0x0000000744600000, 0x0000000744600000, 0x0000000744700000|  0%| F|  |TS  0|AC  0|TAMS 0x0000000744600000, 0x0000000744600000|
|  71|0x0000000744700000, 0x0000000744700000, 0x0000000744800000|  0%| F|  |TS  0|AC  0|TAMS 0x0000000744700000, 0x0000000744700000|
|  72|0x0000000744800000, 0x0000000744800000, 0x0000000744900000|  0%| F|  |TS  0|AC  0|TAMS 0x0000000744800000, 0x0000000744800000|
|  73|0x0000000744900000, 0x0000000744900000, 0x0000000744a00000|  0%| F|  |TS  0|AC  0|TAMS 0x0000000744900000, 0x0000000744900000|
|  74|0x0000000744a00000, 0x0000000744a00000, 0x0000000744b00000|  0%| F|  |TS  0|AC  0|TAMS 0x0000000744a00000, 0x0000000744a00000|
|  75|0x0000000744b00000, 0x0000000744b00000, 0x0000000744c00000|  0%| F|  |TS  0|AC  0|TAMS 0x0000000744b00000, 0x0000000744b00000|
|  76|0x0000000744c00000, 0x0000000744c00000, 0x0000000744d00000|  0%| F|  |TS  0|AC  0|TAMS 0x0000000744c00000, 0x0000000744c00000|
|  77|0x0000000744d00000, 0x0000000744d00000, 0x0000000744e00000|  0%| F|  |TS  0|AC  0|TAMS 0x0000000744d00000, 0x0000000744d00000|
|  78|0x0000000744e00000, 0x0000000744e00000, 0x0000000744f00000|  0%| F|  |TS  0|AC  0|TAMS 0x0000000744e00000, 0x0000000744e00000|
|  79|0x0000000744f00000, 0x0000000744f00000, 0x0000000745000000|  0%| F|  |TS  0|AC  0|TAMS 0x0000000744f00000, 0x0000000744f00000|
|  80|0x0000000745000000, 0x0000000745000000, 0x0000000745100000|  0%| F|  |TS  0|AC  0|TAMS 0x0000000745000000, 0x0000000745000000|
|  81|0x0000000745100000, 0x0000000745100000, 0x0000000745200000|  0%| F|  |TS  0|AC  0|TAMS 0x0000000745100000, 0x0000000745100000|
|  82|0x0000000745200000, 0x0000000745200000, 0x0000000745300000|  0%| F|  |TS  0|AC  0|TAMS 0x0000000745200000, 0x0000000745200000|
|  83|0x0000000745300000, 0x0000000745300000, 0x0000000745400000|  0%| F|  |TS  0|AC  0|TAMS 0x0000000745300000, 0x0000000745300000|
|  84|0x0000000745400000, 0x0000000745400000, 0x0000000745500000|  0%| F|  |TS  0|AC  0|TAMS 0x0000000745400000, 0x0000000745400000|
|  85|0x0000000745500000, 0x0000000745500000, 0x0000000745600000|  0%| F|  |TS  0|AC  0|TAMS 0x0000000745500000, 0x0000000745500000|
|  86|0x0000000745600000, 0x0000000745600000, 0x0000000745700000|  0%| F|  |TS  0|AC  0|TAMS 0x0000000745600000, 0x0000000745600000|
|  87|0x0000000745700000, 0x0000000745700000, 0x0000000745800000|  0%| F|  |TS  0|AC  0|TAMS 0x0000000745700000, 0x0000000745700000|
|  88|0x0000000745800000, 0x0000000745800000, 0x0000000745900000|  0%| F|  |TS  0|AC  0|TAMS 0x0000000745800000, 0x0000000745800000|
|  89|0x0000000745900000, 0x0000000745900000, 0x0000000745a00000|  0%| F|  |TS  0|AC  0|TAMS 0x0000000745900000, 0x0000000745900000|
|  90|0x0000000745a00000, 0x0000000745a00000, 0x0000000745b00000|  0%| F|  |TS  0|AC  0|TAMS 0x0000000745a00000, 0x0000000745a00000|
|  91|0x0000000745b00000, 0x0000000745b00000, 0x0000000745c00000|  0%| F|  |TS  0|AC  0|TAMS 0x0000000745b00000, 0x0000000745b00000|
|  92|0x0000000745c00000, 0x0000000745c00000, 0x0000000745d00000|  0%| F|  |TS  0|AC  0|TAMS 0x0000000745c00000, 0x0000000745c00000|
|  93|0x0000000745d00000, 0x0000000745d00000, 0x0000000745e00000|  0%| F|  |TS  0|AC  0|TAMS 0x0000000745d00000, 0x0000000745d00000|
|  94|0x0000000745e00000, 0x0000000745e00000, 0x0000000745f00000|  0%| F|  |TS  0|AC  0|TAMS 0x0000000745e00000, 0x0000000745e00000|
|  95|0x0000000745f00000, 0x0000000745f00000, 0x0000000746000000|  0%| F|  |TS  0|AC  0|TAMS 0x0000000745f00000, 0x0000000745f00000|
|  96|0x0000000746000000, 0x0000000746000000, 0x0000000746100000|  0%| F|  |TS  0|AC  0|TAMS 0x0000000746000000, 0x0000000746000000|
|  97|0x0000000746100000, 0x0000000746100000, 0x0000000746200000|  0%| F|  |TS  0|AC  0|TAMS 0x0000000746100000, 0x0000000746100000|
|  98|0x0000000746200000, 0x0000000746200000, 0x0000000746300000|  0%| F|  |TS  0|AC  0|TAMS 0x0000000746200000, 0x0000000746200000|
|  99|0x0000000746300000, 0x0000000746300000, 0x0000000746400000|  0%| F|  |TS  0|AC  0|TAMS 0x0000000746300000, 0x0000000746300000|
| 100|0x0000000746400000, 0x0000000746400000, 0x0000000746500000|  0%| F|  |TS  0|AC  0|TAMS 0x0000000746400000, 0x0000000746400000|
| 101|0x0000000746500000, 0x0000000746500000, 0x0000000746600000|  0%| F|  |TS  0|AC  0|TAMS 0x0000000746500000, 0x0000000746500000|
| 102|0x0000000746600000, 0x0000000746600000, 0x0000000746700000|  0%| F|  |TS  0|AC  0|TAMS 0x0000000746600000, 0x0000000746600000|
| 103|0x0000000746700000, 0x0000000746700000, 0x0000000746800000|  0%| F|  |TS  0|AC  0|TAMS 0x0000000746700000, 0x0000000746700000|
| 104|0x0000000746800000, 0x0000000746800000, 0x0000000746900000|  0%| F|  |TS  0|AC  0|TAMS 0x0000000746800000, 0x0000000746800000|
| 105|0x0000000746900000, 0x0000000746900000, 0x0000000746a00000|  0%| F|  |TS  0|AC  0|TAMS 0x0000000746900000, 0x0000000746900000|
| 106|0x0000000746a00000, 0x0000000746a00000, 0x0000000746b00000|  0%| F|  |TS  0|AC  0|TAMS 0x0000000746a00000, 0x0000000746a00000|
| 107|0x0000000746b00000, 0x0000000746b00000, 0x0000000746c00000|  0%| F|  |TS  0|AC  0|TAMS 0x0000000746b00000, 0x0000000746b00000|
| 108|0x0000000746c00000, 0x0000000746c00000, 0x0000000746d00000|  0%| F|  |TS  0|AC  0|TAMS 0x0000000746c00000, 0x0000000746c00000|
| 109|0x0000000746d00000, 0x0000000746d00000, 0x0000000746e00000|  0%| F|  |TS  0|AC  0|TAMS 0x0000000746d00000, 0x0000000746d00000|
| 110|0x0000000746e00000, 0x0000000746e00000, 0x0000000746f00000|  0%| F|  |TS  0|AC  0|TAMS 0x0000000746e00000, 0x0000000746e00000|
| 111|0x0000000746f00000, 0x0000000746f00000, 0x0000000747000000|  0%| F|  |TS  0|AC  0|TAMS 0x0000000746f00000, 0x0000000746f00000|
| 112|0x0000000747000000, 0x0000000747100000, 0x0000000747100000|100%| S|CS|TS  1|AC  0|TAMS 0x0000000747000000, 0x0000000747000000|
| 113|0x0000000747100000, 0x0000000747200000, 0x0000000747200000|100%| S|CS|TS  1|AC  0|TAMS 0x0000000747100000, 0x0000000747100000|
| 114|0x0000000747200000, 0x0000000747200000, 0x0000000747300000|  0%| F|  |TS  1|AC  0|TAMS 0x0000000747200000, 0x0000000747200000|
| 115|0x0000000747300000, 0x0000000747300000, 0x0000000747400000|  0%| F|  |TS  1|AC  0|TAMS 0x0000000747300000, 0x0000000747300000|
| 116|0x0000000747400000, 0x0000000747400000, 0x0000000747500000|  0%| F|  |TS  1|AC  0|TAMS 0x0000000747400000, 0x0000000747400000|
| 117|0x0000000747500000, 0x0000000747500000, 0x0000000747600000|  0%| F|  |TS  1|AC  0|TAMS 0x0000000747500000, 0x0000000747500000|
| 118|0x0000000747600000, 0x0000000747600000, 0x0000000747700000|  0%| F|  |TS  1|AC  0|TAMS 0x0000000747600000, 0x0000000747600000|
| 119|0x0000000747700000, 0x0000000747700000, 0x0000000747800000|  0%| F|  |TS  1|AC  0|TAMS 0x0000000747700000, 0x0000000747700000|
| 120|0x0000000747800000, 0x0000000747800000, 0x0000000747900000|  0%| F|  |TS  1|AC  0|TAMS 0x0000000747800000, 0x0000000747800000|
| 121|0x0000000747900000, 0x0000000747900000, 0x0000000747a00000|  0%| F|  |TS  1|AC  0|TAMS 0x0000000747900000, 0x0000000747900000|
| 122|0x0000000747a00000, 0x0000000747a00000, 0x0000000747b00000|  0%| F|  |TS  1|AC  0|TAMS 0x0000000747a00000, 0x0000000747a00000|
| 123|0x0000000747b00000, 0x0000000747b00000, 0x0000000747c00000|  0%| F|  |TS  1|AC  0|TAMS 0x0000000747b00000, 0x0000000747b00000|
| 124|0x0000000747c00000, 0x0000000747c00000, 0x0000000747d00000|  0%| F|  |TS  1|AC  0|TAMS 0x0000000747c00000, 0x0000000747c00000|
| 125|0x0000000747d00000, 0x0000000747d00000, 0x0000000747e00000|  0%| F|  |TS  1|AC  0|TAMS 0x0000000747d00000, 0x0000000747d00000|
| 126|0x0000000747e00000, 0x0000000747e80800, 0x0000000747f00000| 50%| E|  |TS  1|AC  0|TAMS 0x0000000747e00000, 0x0000000747e00000|
| 127|0x0000000747f00000, 0x0000000748000000, 0x0000000748000000|100%| E|CS|TS  1|AC  0|TAMS 0x0000000747f00000, 0x0000000747f00000|

Card table byte_map: [0x0000000127f84000,0x0000000128384000] byte_map_base: 0x0000000124584000

Marking Bits (Prev, Next): (CMBitMap*) 0x00007f8bf301d460, (CMBitMap*) 0x00007f8bf301d498
 Prev Bits: [0x0000000128784000, 0x000000012a784000)
 Next Bits: [0x000000012a784000, 0x000000012c784000)

Polling page: 0x000000010bbea000

CodeHeap 'non-profiled nmethods': size=120032Kb used=294Kb max_used=294Kb free=119737Kb
 bounds [0x000000012006a000, 0x00000001202da000, 0x00000001275a2000]
CodeHeap 'profiled nmethods': size=120032Kb used=1809Kb max_used=1809Kb free=118223Kb
 bounds [0x0000000118b32000, 0x0000000118da2000, 0x000000012006a000]
CodeHeap 'non-nmethods': size=5696Kb used=1149Kb max_used=1161Kb free=4546Kb
 bounds [0x00000001185a2000, 0x0000000118812000, 0x0000000118b32000]
 total_blobs=1752 nmethods=1050 adapters=436
 compilation: enabled

Compilation events (10 events):
Event: 3.217 Thread 0x00007f8bf4812000 nmethod 1045 0x0000000118cf2a10 code [0x0000000118cf2be0, 0x0000000118cf2e70]
Event: 3.332 Thread 0x00007f8bf4812000 1046       3       com.badlogic.gdx.graphics.Mesh::bind (33 bytes)
Event: 3.333 Thread 0x00007f8bf4812000 nmethod 1046 0x0000000118cf2f90 code [0x0000000118cf3180, 0x0000000118cf3568]
Event: 3.333 Thread 0x00007f8bf4812000 1047       3       com.badlogic.gdx.backends.lwjgl.LwjglGL20::glDrawElements (124 bytes)
Event: 3.335 Thread 0x00007f8bf4812000 nmethod 1047 0x0000000118cf3690 code [0x0000000118cf39c0, 0x0000000118cf4d38]
Event: 3.335 Thread 0x00007f8bf4812000 1048       3       com.badlogic.gdx.graphics.Mesh::unbind (33 bytes)
Event: 3.335 Thread 0x00007f8bf4812000 nmethod 1048 0x0000000118cf5210 code [0x0000000118cf5400, 0x0000000118cf57e8]
Event: 3.399 Thread 0x00007f8bf4812000 1049       3       com.badlogic.gdx.backends.lwjgl.LwjglGraphics::getHeight (29 bytes)
Event: 3.400 Thread 0x00007f8bf4812000 nmethod 1049 0x0000000118cf5910 code [0x0000000118cf5b80, 0x0000000118cf61a8]
Event: 3.535 Thread 0x00007f8bf4810000 1050       4       java.nio.DirectByteBuffer::put (18 bytes)

GC Heap History (2 events):
Event: 1.002 GC heap before
{Heap before GC invocations=0 (full 0):
 garbage-first heap   total 131072K, used 14336K [0x0000000740000000, 0x00000007c0000000)
  region size 1024K, 14 young (14336K), 0 survivors (0K)
 Metaspace       used 11822K, capacity 11996K, committed 12160K, reserved 1060864K
  class space    used 1010K, capacity 1102K, committed 1152K, reserved 1048576K
}
Event: 1.007 GC heap after
{Heap after GC invocations=1 (full 0):
 garbage-first heap   total 131072K, used 2363K [0x0000000740000000, 0x00000007c0000000)
  region size 1024K, 2 young (2048K), 2 survivors (2048K)
 Metaspace       used 11822K, capacity 11996K, committed 12160K, reserved 1060864K
  class space    used 1010K, capacity 1102K, committed 1152K, reserved 1048576K
}

Deoptimization events (3 events):
Event: 0.117 Thread 0x00007f8bf3007000 Uncommon trap: reason=unstable_if action=reinterpret pc=0x000000012006e0dc method=java.lang.String.hashCode()I @ 14 c2
Event: 0.938 Thread 0x00007f8bf48f7800 Uncommon trap: reason=unstable_if action=reinterpret pc=0x000000012008f628 method=java.lang.StringLatin1.replace([BCC)Ljava/lang/String; @ 19 c2
Event: 0.976 Thread 0x00007f8bf48f7800 Uncommon trap: reason=unstable_if action=reinterpret pc=0x00000001200a179c method=sun.net.www.ParseUtil.firstEncodeIndex(Ljava/lang/String;)I @ 85 c2

Classes redefined (0 events):
No events

Internal exceptions (10 events):
Event: 0.400 Thread 0x00007f8bf3007000 Exception <a 'java/io/FileNotFoundException'{0x0000000747a936f0}> (0x0000000747a936f0) thrown at [/scratch/mesos/slaves/555f5737-a945-4eb0-8d30-afb1fc816afd-S70/frameworks/1735e8a2-a1db-478c-8104-60c8b0af87dd-0196/executors/5e9592f9-a111-4fb7-8dfd-808e6c9
Event: 0.404 Thread 0x00007f8bf3007000 Exception <a 'java/lang/ClassNotFoundException'{0x0000000747a981a0}: sun/awt/resources/spi/awtosxProvider> (0x0000000747a981a0) thrown at [/scratch/mesos/slaves/555f5737-a945-4eb0-8d30-afb1fc816afd-S70/frameworks/1735e8a2-a1db-478c-8104-60c8b0af87dd-0196/
Event: 0.437 Thread 0x00007f8bf3007000 Exception <a 'java/lang/NoSuchMethodError'{0x0000000747af4d90}: java.lang.invoke.DirectMethodHandle$Holder.invokeStatic(Ljava/lang/Object;Ljava/lang/Object;Ljava/lang/Object;Ljava/lang/Object;Ljava/lang/Object;Ljava/lang/Object;Ljava/lang/Object;Ljava/lan
Event: 0.439 Thread 0x00007f8bf3007000 Exception <a 'java/lang/NoSuchMethodError'{0x0000000747910e10}: java.lang.invoke.DirectMethodHandle$Holder.invokeStatic(Ljava/lang/Object;Ljava/lang/Object;Ljava/lang/Object;Ljava/lang/Object;Ljava/lang/Object;Ljava/lang/Object;Ljava/lang/Object;Ljava/lan
Event: 0.578 Thread 0x00007f8bf3007000 Exception <a 'java/security/PrivilegedActionException'{0x00000007479284c8}> (0x00000007479284c8) thrown at [/scratch/mesos/slaves/555f5737-a945-4eb0-8d30-afb1fc816afd-S70/frameworks/1735e8a2-a1db-478c-8104-60c8b0af87dd-0196/executors/5e9592f9-a111-4fb7-8d
Event: 0.578 Thread 0x00007f8bf3007000 Exception <a 'java/security/PrivilegedActionException'{0x000000074792af10}> (0x000000074792af10) thrown at [/scratch/mesos/slaves/555f5737-a945-4eb0-8d30-afb1fc816afd-S70/frameworks/1735e8a2-a1db-478c-8104-60c8b0af87dd-0196/executors/5e9592f9-a111-4fb7-8d
Event: 0.578 Thread 0x00007f8bf3007000 Exception <a 'java/security/PrivilegedActionException'{0x000000074792bec0}> (0x000000074792bec0) thrown at [/scratch/mesos/slaves/555f5737-a945-4eb0-8d30-afb1fc816afd-S70/frameworks/1735e8a2-a1db-478c-8104-60c8b0af87dd-0196/executors/5e9592f9-a111-4fb7-8d
Event: 0.583 Thread 0x00007f8bf3007000 Exception <a 'java/security/PrivilegedActionException'{0x000000074793c310}> (0x000000074793c310) thrown at [/scratch/mesos/slaves/555f5737-a945-4eb0-8d30-afb1fc816afd-S70/frameworks/1735e8a2-a1db-478c-8104-60c8b0af87dd-0196/executors/5e9592f9-a111-4fb7-8d
Event: 0.583 Thread 0x00007f8bf3007000 Exception <a 'java/security/PrivilegedActionException'{0x000000074793ced0}> (0x000000074793ced0) thrown at [/scratch/mesos/slaves/555f5737-a945-4eb0-8d30-afb1fc816afd-S70/frameworks/1735e8a2-a1db-478c-8104-60c8b0af87dd-0196/executors/5e9592f9-a111-4fb7-8d
Event: 0.583 Thread 0x00007f8bf3007000 Exception <a 'java/security/PrivilegedActionException'{0x000000074793da50}> (0x000000074793da50) thrown at [/scratch/mesos/slaves/555f5737-a945-4eb0-8d30-afb1fc816afd-S70/frameworks/1735e8a2-a1db-478c-8104-60c8b0af87dd-0196/executors/5e9592f9-a111-4fb7-8d

Events (10 events):
Event: 1.030 loading class com/badlogic/gdx/graphics/glutils/ShapeRenderer$ShapeType
Event: 1.030 loading class com/badlogic/gdx/graphics/glutils/ShapeRenderer$ShapeType done
Event: 1.033 loading class org/lwjgl/opengl/Sync
Event: 1.033 loading class org/lwjgl/opengl/Sync done
Event: 1.034 loading class org/lwjgl/opengl/Sync$RunningAvg
Event: 1.034 loading class org/lwjgl/opengl/Sync$RunningAvg done
Event: 3.532 loading class com/badlogic/gdx/backends/lwjgl/LwjglApplication$2
Event: 3.532 loading class com/badlogic/gdx/backends/lwjgl/LwjglApplication$2 done
Event: 3.534 loading class org/lwjgl/opengl/CallbackUtil
Event: 3.534 loading class org/lwjgl/opengl/CallbackUtil done


Dynamic libraries:
0x00007fff9366b000 	/System/Library/Frameworks/Cocoa.framework/Versions/A/Cocoa
0x00007fff8c9c5000 	/System/Library/Frameworks/Security.framework/Versions/A/Security
0x00007fff9533a000 	/System/Library/Frameworks/ApplicationServices.framework/Versions/A/ApplicationServices
0x00007fff8628f000 	/usr/lib/libz.1.dylib
0x00007fff930d8000 	/usr/lib/libSystem.B.dylib
0x00007fff9533b000 	/System/Library/Frameworks/CoreFoundation.framework/Versions/A/CoreFoundation
0x00007fff8d281000 	/System/Library/Frameworks/Foundation.framework/Versions/C/Foundation
0x00007fff8fded000 	/usr/lib/libobjc.A.dylib
0x00007fff8da8a000 	/System/Library/Frameworks/AppKit.framework/Versions/C/AppKit
0x00007fff97b28000 	/System/Library/Frameworks/CoreData.framework/Versions/A/CoreData
0x00007fff904f7000 	/System/Library/PrivateFrameworks/RemoteViewServices.framework/Versions/A/RemoteViewServices
0x00007fff97ef9000 	/System/Library/PrivateFrameworks/UIFoundation.framework/Versions/A/UIFoundation
0x00007fff9aa3a000 	/usr/lib/libScreenReader.dylib
0x00007fff95bae000 	/System/Library/Frameworks/Accelerate.framework/Versions/A/Accelerate
0x00007fff8c1c4000 	/System/Library/Frameworks/IOSurface.framework/Versions/A/IOSurface
0x00007fff8bb76000 	/System/Library/Frameworks/AudioToolbox.framework/Versions/A/AudioToolbox
0x00007fff88070000 	/System/Library/Frameworks/AudioUnit.framework/Versions/A/AudioUnit
0x00007fff96af8000 	/System/Library/PrivateFrameworks/DataDetectorsCore.framework/Versions/A/DataDetectorsCore
0x00007fff9511d000 	/System/Library/PrivateFrameworks/DesktopServicesPriv.framework/Versions/A/DesktopServicesPriv
0x00007fff86ba7000 	/System/Library/Frameworks/Carbon.framework/Versions/A/Frameworks/HIToolbox.framework/Versions/A/HIToolbox
0x00007fff86613000 	/System/Library/Frameworks/QuartzCore.framework/Versions/A/QuartzCore
0x00007fff93b72000 	/System/Library/Frameworks/Carbon.framework/Versions/A/Frameworks/SpeechRecognition.framework/Versions/A/SpeechRecognition
0x00007fff985c5000 	/usr/lib/libauto.dylib
0x00007fff8b719000 	/usr/lib/libicucore.A.dylib
0x00007fff9ba9a000 	/usr/lib/libxml2.2.dylib
0x00007fff8d687000 	/System/Library/PrivateFrameworks/CoreUI.framework/Versions/A/CoreUI
0x00007fff93846000 	/System/Library/Frameworks/CoreAudio.framework/Versions/A/CoreAudio
0x00007fff87fd0000 	/System/Library/Frameworks/DiskArbitration.framework/Versions/A/DiskArbitration
0x00007fff869bf000 	/usr/lib/liblangid.dylib
0x00007fff95c5a000 	/System/Library/PrivateFrameworks/MultitouchSupport.framework/Versions/A/MultitouchSupport
0x00007fff89709000 	/System/Library/Frameworks/IOKit.framework/Versions/A/IOKit
0x00007fff8eaf1000 	/usr/lib/libDiagnosticMessagesClient.dylib
0x00007fff8b974000 	/System/Library/Frameworks/CoreServices.framework/Versions/A/CoreServices
0x00007fff95093000 	/System/Library/PrivateFrameworks/PerformanceAnalysis.framework/Versions/A/PerformanceAnalysis
0x00007fff936bd000 	/System/Library/PrivateFrameworks/GenerationalStorage.framework/Versions/A/GenerationalStorage
0x00007fff8b3de000 	/System/Library/Frameworks/OpenGL.framework/Versions/A/OpenGL
0x00007fff91d11000 	/System/Library/PrivateFrameworks/Sharing.framework/Versions/A/Sharing
0x00007fff9929f000 	/System/Library/Frameworks/CoreGraphics.framework/Versions/A/CoreGraphics
0x00007fff9065f000 	/System/Library/Frameworks/CoreImage.framework/Versions/A/CoreImage
0x00007fff957b2000 	/System/Library/Frameworks/CoreText.framework/Versions/A/CoreText
0x00007fff89466000 	/System/Library/Frameworks/ImageIO.framework/Versions/A/ImageIO
0x00007fff8d5d6000 	/System/Library/PrivateFrameworks/Backup.framework/Versions/A/Backup
0x00007fff9841e000 	/usr/lib/libextension.dylib
0x00007fff92b2e000 	/usr/lib/libarchive.2.dylib
0x00007fff88212000 	/System/Library/Frameworks/CFNetwork.framework/Versions/A/CFNetwork
0x00007fff9c110000 	/System/Library/Frameworks/SystemConfiguration.framework/Versions/A/SystemConfiguration
0x00007fff863d5000 	/usr/lib/libCRFSuite.dylib
0x00007fff95c81000 	/usr/lib/libc++.1.dylib
0x00007fff95baf000 	/usr/lib/libc++abi.dylib
0x00007fff983ca000 	/usr/lib/system/libcache.dylib
0x00007fff869c1000 	/usr/lib/system/libcommonCrypto.dylib
0x00007fff91d3b000 	/usr/lib/system/libcompiler_rt.dylib
0x00007fff9485a000 	/usr/lib/system/libcopyfile.dylib
0x00007fff89231000 	/usr/lib/system/libcorecrypto.dylib
0x00007fff98c20000 	/usr/lib/system/libdispatch.dylib
0x00007fff93f71000 	/usr/lib/system/libdyld.dylib
0x00007fff98452000 	/usr/lib/system/libkeymgr.dylib
0x00007fff8f011000 	/usr/lib/system/liblaunch.dylib
0x00007fff9abdc000 	/usr/lib/system/libmacho.dylib
0x00007fff938ab000 	/usr/lib/system/libquarantine.dylib
0x00007fff95a5d000 	/usr/lib/system/libremovefile.dylib
0x00007fff9aa22000 	/usr/lib/system/libsystem_asl.dylib
0x00007fff8943f000 	/usr/lib/system/libsystem_blocks.dylib
0x00007fff86347000 	/usr/lib/system/libsystem_c.dylib
0x00007fff9092e000 	/usr/lib/system/libsystem_configuration.dylib
0x00007fff91d73000 	/usr/lib/system/libsystem_coreservices.dylib
0x00007fff97a6f000 	/usr/lib/system/libsystem_coretls.dylib
0x00007fff93394000 	/usr/lib/system/libsystem_dnssd.dylib
0x00007fff938ae000 	/usr/lib/system/libsystem_info.dylib
0x00007fff97ecb000 	/usr/lib/system/libsystem_kernel.dylib
0x00007fff91d43000 	/usr/lib/system/libsystem_m.dylib
0x00007fff8c075000 	/usr/lib/system/libsystem_malloc.dylib
0x00007fff9502c000 	/usr/lib/system/libsystem_network.dylib
0x00007fff8da81000 	/usr/lib/system/libsystem_networkextension.dylib
0x00007fff9a55a000 	/usr/lib/system/libsystem_notify.dylib
0x00007fff97df3000 	/usr/lib/system/libsystem_platform.dylib
0x00007fff98c16000 	/usr/lib/system/libsystem_pthread.dylib
0x00007fff890c9000 	/usr/lib/system/libsystem_sandbox.dylib
0x00007fff95c7f000 	/usr/lib/system/libsystem_secinit.dylib
0x00007fff98550000 	/usr/lib/system/libsystem_trace.dylib
0x00007fff896f0000 	/usr/lib/system/libunc.dylib
0x00007fff90931000 	/usr/lib/system/libunwind.dylib
0x00007fff87d33000 	/usr/lib/system/libxpc.dylib
0x00007fff87950000 	/usr/lib/libenergytrace.dylib
0x00007fff9843b000 	/usr/lib/libbsm.0.dylib
0x00007fff87af5000 	/usr/lib/system/libkxld.dylib
0x00007fff904e8000 	/usr/lib/libxar.1.dylib
0x00007fff8cdfc000 	/usr/lib/libsqlite3.dylib
0x00007fff91b46000 	/usr/lib/libpam.2.dylib
0x00007fff868ea000 	/usr/lib/libOpenScriptingUtil.dylib
0x00007fff8a2f3000 	/usr/lib/libbz2.1.0.dylib
0x00007fff9480c000 	/usr/lib/liblzma.5.dylib
0x00007fff8f8fd000 	/System/Library/Frameworks/CoreServices.framework/Versions/A/Frameworks/FSEvents.framework/Versions/A/FSEvents
0x00007fff98618000 	/System/Library/Frameworks/CoreServices.framework/Versions/A/Frameworks/CarbonCore.framework/Versions/A/CarbonCore
0x00007fff86ea5000 	/System/Library/Frameworks/CoreServices.framework/Versions/A/Frameworks/Metadata.framework/Versions/A/Metadata
0x00007fff8962e000 	/System/Library/Frameworks/CoreServices.framework/Versions/A/Frameworks/OSServices.framework/Versions/A/OSServices
0x00007fff87c55000 	/System/Library/Frameworks/CoreServices.framework/Versions/A/Frameworks/SearchKit.framework/Versions/A/SearchKit
0x00007fff8bd4f000 	/System/Library/Frameworks/CoreServices.framework/Versions/A/Frameworks/AE.framework/Versions/A/AE
0x00007fff87951000 	/System/Library/Frameworks/CoreServices.framework/Versions/A/Frameworks/LaunchServices.framework/Versions/A/LaunchServices
0x00007fff8cf55000 	/System/Library/Frameworks/CoreServices.framework/Versions/A/Frameworks/DictionaryServices.framework/Versions/A/DictionaryServices
0x00007fff9848c000 	/System/Library/Frameworks/CoreServices.framework/Versions/A/Frameworks/SharedFileList.framework/Versions/A/SharedFileList
0x00007fff98226000 	/System/Library/Frameworks/NetFS.framework/Versions/A/NetFS
0x00007fff880cb000 	/System/Library/PrivateFrameworks/NetAuth.framework/Versions/A/NetAuth
0x00007fff88810000 	/System/Library/PrivateFrameworks/login.framework/Versions/A/Frameworks/loginsupport.framework/Versions/A/loginsupport
0x00007fff93b10000 	/System/Library/PrivateFrameworks/TCC.framework/Versions/A/TCC
0x00007fff9016d000 	/usr/lib/libmecabra.dylib
0x00007fff9339d000 	/System/Library/Frameworks/ApplicationServices.framework/Versions/A/Frameworks/ATS.framework/Versions/A/ATS
0x00007fff8883d000 	/System/Library/Frameworks/ApplicationServices.framework/Versions/A/Frameworks/ColorSync.framework/Versions/A/ColorSync
0x00007fff98c4e000 	/System/Library/Frameworks/ApplicationServices.framework/Versions/A/Frameworks/HIServices.framework/Versions/A/HIServices
0x00007fff87b1e000 	/System/Library/Frameworks/ApplicationServices.framework/Versions/A/Frameworks/LangAnalysis.framework/Versions/A/LangAnalysis
0x00007fff860c2000 	/System/Library/Frameworks/ApplicationServices.framework/Versions/A/Frameworks/PrintCore.framework/Versions/A/PrintCore
0x00007fff93ce6000 	/System/Library/Frameworks/ApplicationServices.framework/Versions/A/Frameworks/QD.framework/Versions/A/QD
0x00007fff9852c000 	/System/Library/Frameworks/ApplicationServices.framework/Versions/A/Frameworks/SpeechSynthesis.framework/Versions/A/SpeechSynthesis
0x00007fff9a50a000 	/System/Library/Frameworks/Metal.framework/Versions/A/Metal
0x00007fff8fa57000 	/System/Library/Frameworks/Accelerate.framework/Versions/A/Frameworks/vImage.framework/Versions/A/vImage
0x00007fff8b398000 	/System/Library/Frameworks/Accelerate.framework/Versions/A/Frameworks/vecLib.framework/Versions/A/vecLib
0x00007fff9c6fb000 	/System/Library/Frameworks/Accelerate.framework/Versions/A/Frameworks/vecLib.framework/Versions/A/libvDSP.dylib
0x00007fff8ebbc000 	/System/Library/Frameworks/Accelerate.framework/Versions/A/Frameworks/vecLib.framework/Versions/A/libvMisc.dylib
0x00007fff9a5ed000 	/System/Library/Frameworks/Accelerate.framework/Versions/A/Frameworks/vecLib.framework/Versions/A/libLAPACK.dylib
0x00007fff8641d000 	/System/Library/Frameworks/Accelerate.framework/Versions/A/Frameworks/vecLib.framework/Versions/A/libBLAS.dylib
0x00007fff98539000 	/System/Library/Frameworks/Accelerate.framework/Versions/A/Frameworks/vecLib.framework/Versions/A/libLinearAlgebra.dylib
0x00007fff86591000 	/System/Library/Frameworks/Accelerate.framework/Versions/A/Frameworks/vecLib.framework/Versions/A/libSparseBLAS.dylib
0x00007fff88985000 	/System/Library/PrivateFrameworks/GPUCompiler.framework/libmetal_timestamp.dylib
0x00007fff867e6000 	/System/Library/Frameworks/OpenGL.framework/Versions/A/Libraries/libCoreFSCache.dylib
0x00007fff8f561000 	/System/Library/PrivateFrameworks/IOAccelerator.framework/Versions/A/IOAccelerator
0x00007fff9353e000 	/System/Library/Frameworks/ApplicationServices.framework/Versions/A/Frameworks/ATS.framework/Versions/A/Resources/libFontParser.dylib
0x00007fff88eac000 	/System/Library/Frameworks/ApplicationServices.framework/Versions/A/Frameworks/ATS.framework/Versions/A/Resources/libFontRegistry.dylib
0x00007fff96c2c000 	/System/Library/PrivateFrameworks/AppleVPA.framework/Versions/A/AppleVPA
0x00007fff87fe2000 	/System/Library/PrivateFrameworks/AppleJPEG.framework/Versions/A/AppleJPEG
0x00007fff9b1d9000 	/System/Library/Frameworks/ImageIO.framework/Versions/A/Resources/libJPEG.dylib
0x00007fff8688d000 	/System/Library/Frameworks/ImageIO.framework/Versions/A/Resources/libTIFF.dylib
0x00007fff98966000 	/System/Library/Frameworks/ImageIO.framework/Versions/A/Resources/libPng.dylib
0x00007fff95027000 	/System/Library/Frameworks/ImageIO.framework/Versions/A/Resources/libGIF.dylib
0x00007fff9374c000 	/System/Library/Frameworks/ImageIO.framework/Versions/A/Resources/libJP2.dylib
0x00007fff87fcd000 	/System/Library/Frameworks/ImageIO.framework/Versions/A/Resources/libRadiance.dylib
0x00007fff9c61e000 	/System/Library/Frameworks/CoreVideo.framework/Versions/A/CoreVideo
0x00007fff9b10b000 	/System/Library/Frameworks/OpenGL.framework/Versions/A/Libraries/libGLU.dylib
0x00007fff8a1d1000 	/System/Library/Frameworks/OpenGL.framework/Versions/A/Libraries/libGFXShared.dylib
0x00007fff94827000 	/System/Library/Frameworks/OpenGL.framework/Versions/A/Libraries/libGL.dylib
0x00007fff8cdbd000 	/System/Library/Frameworks/OpenGL.framework/Versions/A/Libraries/libGLImage.dylib
0x00007fff9328d000 	/System/Library/Frameworks/OpenGL.framework/Versions/A/Libraries/libCVMSPluginSupport.dylib
0x00007fff94833000 	/System/Library/Frameworks/OpenGL.framework/Versions/A/Libraries/libCoreVMClient.dylib
0x00007fff878da000 	/usr/lib/libcompression.dylib
0x00007fff878f5000 	/usr/lib/libcups.2.dylib
0x00007fff91b09000 	/System/Library/Frameworks/Kerberos.framework/Versions/A/Kerberos
0x00007fff8bd1d000 	/System/Library/Frameworks/GSS.framework/Versions/A/GSS
0x00007fff87b01000 	/usr/lib/libresolv.9.dylib
0x00007fff958e1000 	/usr/lib/libiconv.2.dylib
0x00007fff86120000 	/System/Library/PrivateFrameworks/Heimdal.framework/Versions/A/Heimdal
0x00007fff97ec5000 	/usr/lib/libheimdal-asn1.dylib
0x00007fff9a54d000 	/System/Library/Frameworks/OpenDirectory.framework/Versions/A/OpenDirectory
0x00007fff8f568000 	/System/Library/PrivateFrameworks/CommonAuth.framework/Versions/A/CommonAuth
0x00007fff888d4000 	/System/Library/Frameworks/OpenDirectory.framework/Versions/A/Frameworks/CFOpenDirectory.framework/Versions/A/CFOpenDirectory
0x00007fff86195000 	/System/Library/Frameworks/SecurityFoundation.framework/Versions/A/SecurityFoundation
0x00007fff88df6000 	/System/Library/PrivateFrameworks/LanguageModeling.framework/Versions/A/LanguageModeling
0x00007fff87324000 	/usr/lib/libmarisa.dylib
0x00007fff9be19000 	/usr/lib/libChineseTokenizer.dylib
0x00007fff90404000 	/usr/lib/libcmph.dylib
0x00007fff95a5a000 	/System/Library/Frameworks/ServiceManagement.framework/Versions/A/ServiceManagement
0x00007fff8ed54000 	/usr/lib/libxslt.1.dylib
0x00007fff8f906000 	/System/Library/Frameworks/Carbon.framework/Versions/A/Frameworks/Ink.framework/Versions/A/Ink
0x00007fff9898c000 	/usr/lib/libFosl_dynamic.dylib
0x00007fff9acdc000 	/System/Library/PrivateFrameworks/FaceCore.framework/Versions/A/FaceCore
0x00007fff8696f000 	/System/Library/Frameworks/OpenCL.framework/Versions/A/OpenCL
0x00007fff86585000 	/System/Library/PrivateFrameworks/CrashReporterSupport.framework/Versions/A/CrashReporterSupport
0x00007fff8da55000 	/System/Library/PrivateFrameworks/IconServices.framework/Versions/A/IconServices
0x00007fff8f615000 	/System/Library/PrivateFrameworks/Apple80211.framework/Versions/A/Apple80211
0x00007fff93aa4000 	/System/Library/Frameworks/CoreWLAN.framework/Versions/A/CoreWLAN
0x00007fff9522c000 	/System/Library/Frameworks/IOBluetooth.framework/Versions/A/IOBluetooth
0x00007fff91ca9000 	/System/Library/PrivateFrameworks/CoreWiFi.framework/Versions/A/CoreWiFi
0x00007fff8c05c000 	/System/Library/Frameworks/CoreBluetooth.framework/Versions/A/CoreBluetooth
0x00007fff983cf000 	/System/Library/PrivateFrameworks/ChunkingLibrary.framework/Versions/A/ChunkingLibrary
0x00007fff88986000 	/System/Library/PrivateFrameworks/DebugSymbols.framework/Versions/A/DebugSymbols
0x00007fff96ef7000 	/System/Library/PrivateFrameworks/CoreSymbolication.framework/Versions/A/CoreSymbolication
0x00007fff884e3000 	/System/Library/PrivateFrameworks/Symbolication.framework/Versions/A/Symbolication
0x00007fff9abc0000 	/System/Library/PrivateFrameworks/SpeechRecognitionCore.framework/Versions/A/SpeechRecognitionCore
0x000000010c400000 	/Library/Java/JavaVirtualMachines/jdk-10.0.1.jdk/Contents/Home/lib/server/libjvm.dylib
0x00007fff8733c000 	/usr/lib/libstdc++.6.dylib
0x000000010bba8000 	/Library/Java/JavaVirtualMachines/jdk-10.0.1.jdk/Contents/Home/lib/libverify.dylib
0x000000010bbb5000 	/Library/Java/JavaVirtualMachines/jdk-10.0.1.jdk/Contents/Home/lib/libjava.dylib
0x000000010bbf4000 	/Library/Java/JavaVirtualMachines/jdk-10.0.1.jdk/Contents/Home/lib/libzip.dylib
0x000000010d2a2000 	/Library/Java/JavaVirtualMachines/jdk-10.0.1.jdk/Contents/Home/lib/libjimage.dylib
0x000000012f544000 	/Library/Java/JavaVirtualMachines/jdk-10.0.1.jdk/Contents/Home/lib/libnio.dylib
0x000000012f554000 	/Library/Java/JavaVirtualMachines/jdk-10.0.1.jdk/Contents/Home/lib/./libnet.dylib
0x000000012f5f3000 	/private/var/folders/l5/chcqkdc92vv43vzpyzgxbrgr0000gn/T/libgdxanthonyjhon/25a8e9fb/libgdx64.dylib
0x000000012f639000 	/Library/Java/JavaVirtualMachines/jdk-10.0.1.jdk/Contents/Home/lib/libawt.dylib
0x000000012f6de000 	/Library/Java/JavaVirtualMachines/jdk-10.0.1.jdk/Contents/Home/lib/./libmlib_image.dylib
0x000000012f74c000 	/System/Library/Frameworks/JavaVM.framework/Versions/A/Frameworks/JavaNativeFoundation.framework/Versions/A/JavaNativeFoundation
0x000000012f761000 	/System/Library/Frameworks/JavaVM.framework/Versions/A/Frameworks/JavaRuntimeSupport.framework/Versions/A/JavaRuntimeSupport
0x000000012f77c000 	/System/Library/Frameworks/JavaVM.framework/Versions/A/JavaVM
0x000000012f789000 	/System/Library/PrivateFrameworks/JavaLaunching.framework/Versions/A/JavaLaunching
0x00007fff8962d000 	/System/Library/Frameworks/Carbon.framework/Versions/A/Carbon
0x00007fff91d36000 	/System/Library/Frameworks/Carbon.framework/Versions/A/Frameworks/CommonPanels.framework/Versions/A/CommonPanels
0x00007fff87fd6000 	/System/Library/Frameworks/Carbon.framework/Versions/A/Frameworks/Help.framework/Versions/A/Help
0x00007fff8e6fc000 	/System/Library/Frameworks/Carbon.framework/Versions/A/Frameworks/ImageCapture.framework/Versions/A/ImageCapture
0x00007fff9bf68000 	/System/Library/Frameworks/Carbon.framework/Versions/A/Frameworks/OpenScripting.framework/Versions/A/OpenScripting
0x00007fff9b2b1000 	/System/Library/Frameworks/Carbon.framework/Versions/A/Frameworks/Print.framework/Versions/A/Print
0x00007fff892a9000 	/System/Library/Frameworks/Carbon.framework/Versions/A/Frameworks/SecurityHI.framework/Versions/A/SecurityHI
0x000000012f795000 	/Library/Java/JavaVirtualMachines/jdk-10.0.1.jdk/Contents/Home/lib/libawt_lwawt.dylib
0x000000012f855000 	/Library/Java/JavaVirtualMachines/jdk-10.0.1.jdk/Contents/Home/lib/./libosxapp.dylib
0x00007fff8b3db000 	/System/Library/Frameworks/ExceptionHandling.framework/Versions/A/ExceptionHandling
0x000000012f871000 	/Library/Java/JavaVirtualMachines/jdk-10.0.1.jdk/Contents/Home/lib/libfontmanager.dylib
0x00007fff9abe2000 	/System/Library/PrivateFrameworks/CoreServicesInternal.framework/Versions/A/CoreServicesInternal
0x00007fff863f3000 	/System/Library/Frameworks/CoreGraphics.framework/Versions/A/Resources/libRIP.A.dylib
0x00007fff880b6000 	/System/Library/Frameworks/Accelerate.framework/Versions/A/Frameworks/vImage.framework/Versions/A/Libraries/libCGInterfaces.dylib
0x00007fff9be12000 	/System/Library/Frameworks/CoreGraphics.framework/Versions/A/Resources/libCGXType.A.dylib
0x00007fff8e702000 	/System/Library/Frameworks/OpenCL.framework/Versions/A/Libraries/libcldcpuengine.dylib
0x00007fff90588000 	/System/Library/PrivateFrameworks/DiskImages.framework/Versions/A/DiskImages
0x00007fff8f99c000 	/System/Library/Frameworks/DiscRecording.framework/Versions/A/DiscRecording
0x00007fff88f0e000 	/usr/lib/libcsfde.dylib
0x00007fff98917000 	/usr/lib/libcurl.4.dylib
0x00007fff8cf21000 	/System/Library/PrivateFrameworks/MediaKit.framework/Versions/A/MediaKit
0x00007fff87b2e000 	/System/Library/PrivateFrameworks/ProtectedCloudStorage.framework/Versions/A/ProtectedCloudStorage
0x00007fff9089e000 	/usr/lib/libCoreStorage.dylib
0x00007fff8e70b000 	/System/Library/PrivateFrameworks/EFILogin.framework/Versions/A/EFILogin
0x00007fff884e0000 	/usr/lib/libutil.dylib
0x00007fff9be86000 	/System/Library/PrivateFrameworks/FindMyDevice.framework/Versions/A/FindMyDevice
0x00007fff9822f000 	/System/Library/Frameworks/LDAP.framework/Versions/A/LDAP
0x00007fff91dd6000 	/usr/lib/libsasl2.2.dylib
0x00007fff87947000 	/System/Library/PrivateFrameworks/CoreDaemon.framework/Versions/B/CoreDaemon
0x00007fff91bc2000 	/usr/lib/libcrypto.0.9.8.dylib
0x00007fff9383d000 	/System/Library/PrivateFrameworks/AppleSRP.framework/Versions/A/AppleSRP
0x00007fff979b5000 	/System/Library/PrivateFrameworks/TrustEvaluationAgent.framework/Versions/A/TrustEvaluationAgent
0x000000013331b000 	cl_kernels
0x00007fff8ec6d000 	/System/Library/Frameworks/OpenCL.framework/Versions/A/Libraries/ImageFormats/unorm8_bgra.dylib
0x00007fff90937000 	/System/Library/Frameworks/OpenCL.framework/Versions/A/Libraries/ImageFormats/unorm8_rgba.dylib
0x00000001343f6000 	/private/var/folders/l5/chcqkdc92vv43vzpyzgxbrgr0000gn/T/libgdxanthonyjhon/f7649394/liblwjgl.dylib
0x000000013279d000 	/Library/Java/JavaVirtualMachines/jdk-10.0.1.jdk/Contents/Home/lib/libjawt.dylib
0x0000000134478000 	/var/folders/l5/chcqkdc92vv43vzpyzgxbrgr0000gn/T/libgdxanthonyjhon/f7649394/openal.dylib
0x00000001344e7000 	/System/Library/Components/CoreAudio.component/Contents/MacOS/CoreAudio
0x000000013330d000 	/System/Library/Extensions/AppleHDA.kext/Contents/PlugIns/AppleHDAHALPlugIn.bundle/Contents/MacOS/AppleHDAHALPlugIn
0x00007fff8b975000 	/System/Library/Frameworks/OpenGL.framework/Versions/A/Resources/GLEngine.bundle/GLEngine
0x00007fff8b20b000 	/System/Library/Frameworks/OpenGL.framework/Versions/A/Libraries/libGLProgrammability.dylib
0x00000001348c2000 	/System/Library/Extensions/AppleIntelBDWGraphicsGLDriver.bundle/Contents/MacOS/AppleIntelBDWGraphicsGLDriver
0x00007fff9860c000 	/System/Library/PrivateFrameworks/GPUSupport.framework/Versions/A/Libraries/libGPUSupportMercury.dylib
0x00007fff88db1000 	/System/Library/Frameworks/OpenGL.framework/Versions/A/Resources/GLRendererFloat.bundle/GLRendererFloat


VM Arguments:
jvm_args: -Dfile.encoding=UTF-8 
java_command: com.pruebajuegoanthony.desktop.DesktopLauncher
java_class_path (initial): /Users/anthonyjhon/eclipse-workspace/pruebajuego-desktop/bin/main:/Users/anthonyjhon/eclipse-workspace/pruebajuego-desktop/bin/default:/Users/anthonyjhon/eclipse-workspace/pruebajuego-core/bin/main:/pruebajuego-core/bin/default:/Users/anthonyjhon/.gradle/caches/modules-2/files-2.1/com.badlogicgames.gdx/gdx-backend-lwjgl/1.9.8/b7c138f14ed67ad830ae7597da3d86ae02b20eee/gdx-backend-lwjgl-1.9.8.jar:/Users/anthonyjhon/.gradle/caches/modules-2/files-2.1/com.badlogicgames.gdx/gdx-platform/1.9.8/604a2ef2c7c92a5900114757cbd3fb4dcbb8270c/gdx-platform-1.9.8-natives-desktop.jar:/Users/anthonyjhon/.gradle/caches/modules-2/files-2.1/com.badlogicgames.gdx/gdx-box2d-platform/1.9.8/3195b56f82751d7cd7de85edb6824d17bf479781/gdx-box2d-platform-1.9.8-natives-desktop.jar:/Users/anthonyjhon/.gradle/caches/modules-2/files-2.1/com.badlogicgames.box2dlights/box2dlights/1.4/3d77ad5b4164fb32fc67e2446e35911bb0aaf0bd/box2dlights-1.4.jar:/Users/anthonyjhon/.gradle/caches/modules-2/files-2.1/com.badlogicgames.gdx/gdx-box2d/1.9.8/6f0497b7958216464101adfb7bdc3a0f7b88d6d3/gdx-box2d-1.9.8.jar:/Users/anthonyjhon/.gradle/caches/modules-2/files-2.1/com.badlogicgames.gdx/gdx/1.9.8/a35a0076fbce873f9c2d5a1a1c8066244231bb3c/gdx-1.9.8.jar:/Users/anthonyjhon/.gradle/caches/modules-2/files-2.1/org.lwjgl.lwjgl/lwjgl_util/2.9.2/4b9e37300a87799856e0bd15ed81663cdb6b0947/lwjgl_util-2.9.2.jar:/Users/anthonyjhon/.gradle/caches/modules-2/files-2.1/org.lwjgl.lwjgl/lwjgl/2.9.2/a9d80fe5935c7a9149f6584d9777cfd471f65489/lwjgl-2.9.2.jar:/Users/anthonyjhon/.gradle/caches/modules-2/files-2.1/com.badlogicgames.jlayer/jlayer/1.0.1-gdx/7cca83cec5c1b2f011362f4d85aabd71a73b049d/jlayer-1.0.1-gdx.jar:/Users/anthonyjhon/.gradle/caches/modules-2/files-2.1/org.jcraft/jorbis/0.0.17/8872d22b293e8f5d7d56ff92be966e6dc28ebdc6/jorbis-0.0.17.jar:/Users/anthonyjhon/.gradle/caches/modules-2/files-2.1/org.lwjgl.lwjgl/lwjgl-platform/2.9.2/510c7d317f5e9e700b9cfaac5fd38bdebf0702e0/lwjgl-platform-2.9.2-natives-windows.jar:
Launcher Type: SUN_STANDARD

Logging:
Log output configuration:
#0: stdout all=warning uptime,level,tags
#1: stderr all=off uptime,level,tags

Environment Variables:
PATH=/usr/bin:/bin:/usr/sbin:/sbin
SHELL=/bin/bash
DISPLAY=/private/tmp/com.apple.launchd.8Y16hdyAVP/org.macosforge.xquartz:0

Signal Handlers:
SIGSEGV: [libjvm.dylib+0x79ac14], sa_mask[0]=11111111011111110111111111111111, sa_flags=SA_ONSTACK|SA_RESTART|SA_SIGINFO
SIGBUS: [libjvm.dylib+0x79ac14], sa_mask[0]=11111111011111110111111111111111, sa_flags=SA_RESTART|SA_SIGINFO
SIGFPE: [libjvm.dylib+0x79ac14], sa_mask[0]=11111111011111110111111111111111, sa_flags=SA_RESTART|SA_SIGINFO
SIGPIPE: [libjvm.dylib+0x635960], sa_mask[0]=11111111011111110111111111111111, sa_flags=SA_RESTART|SA_SIGINFO
SIGXFSZ: [libjvm.dylib+0x635960], sa_mask[0]=11111111011111110111111111111111, sa_flags=SA_RESTART|SA_SIGINFO
SIGILL: [libjvm.dylib+0x79ac14], sa_mask[0]=11111111011111110111111111111111, sa_flags=SA_RESTART|SA_SIGINFO
SIGUSR2: [libjvm.dylib+0x6361f0], sa_mask[0]=00100000000000000000000000000000, sa_flags=SA_RESTART|SA_SIGINFO
SIGHUP: [libjvm.dylib+0x6349db], sa_mask[0]=11111111011111110111111111111111, sa_flags=SA_RESTART|SA_SIGINFO
SIGINT: [libjvm.dylib+0x6349db], sa_mask[0]=11111111011111110111111111111111, sa_flags=SA_RESTART|SA_SIGINFO
SIGTERM: [libjvm.dylib+0x6349db], sa_mask[0]=11111111011111110111111111111111, sa_flags=SA_RESTART|SA_SIGINFO
SIGQUIT: [libjvm.dylib+0x6349db], sa_mask[0]=11111111011111110111111111111111, sa_flags=SA_RESTART|SA_SIGINFO


---------------  S Y S T E M  ---------------

OS:uname:Darwin 15.6.0 Darwin Kernel Version 15.6.0: Mon Oct  2 22:20:08 PDT 2017; root:xnu-3248.71.4~1/RELEASE_X86_64 x86_64
rlimit: STACK 8192k, CORE 0k, NPROC 709, NOFILE 10240, AS infinity, DATA infinity, FSIZE infinity
load average:1.80 1.70 1.57

CPU:total 4 (initial active 4) (2 cores per cpu, 2 threads per core) family 6 model 61 stepping 4, cmov, cx8, fxsr, mmx, sse, sse2, sse3, ssse3, sse4.1, sse4.2, popcnt, avx, avx2, aes, clmul, erms, 3dnowpref, lzcnt, ht, tsc, tscinvbit, bmi1, bmi2, adx, fma

Memory: 4k page, physical 8388608k(78108k free)

vm_info: Java HotSpot(TM) 64-Bit Server VM (10.0.1+10) for bsd-amd64 JRE (10.0.1+10), built on Mar 27 2018 01:13:17 by "mach5one" with gcc 4.2.1 Compatible Apple LLVM 6.1.0 (clang-602.0.49)

END.
